2025-03-24 12:02:15,934 - external_api - INFO: Функция сработала штатно, получены данные: [{'currency': 'USD', 'rate': 83.49}, {'currency': 'EUR', 'rate': 90.54}]
2025-03-24 12:02:18,649 - external_api - INFO: Функция сработала штатно, получены данные: [{'stock': 'AAPL', 'price': '217.8000'}, {'stock': 'AMZN', 'price': '196.6500'}, {'stock': 'GOOGL', 'price': '164.3100'}, {'stock': 'MSFT', 'price': '391.5000'}, {'stock': 'TSLA', 'price': '249.4500'}]
2025-03-24 12:02:46,518 - external_api - INFO: Функция сработала штатно, получены данные: [{'currency': 'USD', 'rate': 83.5}, {'currency': 'EUR', 'rate': 90.52}]
2025-03-24 12:02:49,071 - external_api - INFO: Функция сработала штатно, получены данные: [{'stock': 'AAPL', 'price': '217.8000'}, {'stock': 'AMZN', 'price': '196.6500'}, {'stock': 'GOOGL', 'price': '164.3100'}, {'stock': 'MSFT', 'price': '391.5000'}, {'stock': 'TSLA', 'price': '249.4500'}]
2025-03-24 12:04:50,900 - external_api - INFO: Функция сработала штатно, получены данные: [{'currency': 'USD', 'rate': 83.5}, {'currency': 'EUR', 'rate': 90.5}]
2025-03-24 12:04:52,847 - external_api - INFO: Функция сработала штатно, получены данные: [{'stock': 'AAPL', 'price': '217.8000'}]
2025-03-24 14:03:40,208 - external_api - INFO: Функция сработала штатно, получены данные: [{'currency': 'USD', 'rate': 84.5}, {'currency': 'EUR', 'rate': 91.67}]
2025-03-24 14:04:06,878 - external_api - INFO: Функция сработала штатно, получены данные: [{'currency': 'USD', 'rate': 84.5}, {'currency': 'EUR', 'rate': 91.67}]
2025-03-24 14:06:11,061 - external_api - INFO: Функция сработала штатно, получены данные: [{'currency': 'USD', 'rate': 84.0}, {'currency': 'EUR', 'rate': 91.12}]
2025-03-24 14:06:13,130 - external_api - ERROR: По указанным параметрам нет возвращаемых данных
2025-03-24 20:16:41,952 - external_api - INFO: Функция сработала штатно, получены данные: [{'currency': 'EUR', 'rate': 91.18}]
2025-03-24 20:16:44,596 - external_api - ERROR: По указанным параметрам нет возвращаемых данных
2025-03-24 20:25:38,694 - external_api - ERROR: По указанным параметрам нет возвращаемых данных
2025-03-24 20:25:58,397 - external_api - ERROR: По указанным параметрам нет возвращаемых данных
2025-03-24 20:30:18,285 - external_api - INFO: Функция сработала штатно, получены данные: [{'currency': 'USD', 'rate': 84.5}, {'currency': 'EUR', 'rate': 91.21}]
2025-03-24 20:30:20,811 - external_api - ERROR: По указанным параметрам нет возвращаемых данных
2025-03-24 20:30:44,294 - external_api - INFO: Функция сработала штатно, получены данные: [{'currency': 'USD', 'rate': 84.5}, {'currency': 'EUR', 'rate': 91.2}]
2025-03-24 20:30:45,828 - external_api - ERROR: По указанным параметрам нет возвращаемых данных
2025-03-24 20:32:21,170 - external_api - INFO: Функция сработала штатно, получены данные: [{'currency': 'USD', 'rate': 84.5}, {'currency': 'EUR', 'rate': 91.18}]
2025-03-24 20:32:22,412 - external_api - ERROR: По указанным параметрам нет возвращаемых данных
2025-03-24 20:36:19,477 - external_api - INFO: Функция сработала штатно, получены данные: [{'currency': 'USD', 'rate': 84.5}, {'currency': 'EUR', 'rate': 91.18}]
2025-03-24 20:36:21,041 - external_api - ERROR: По указанным параметрам нет возвращаемых данных
2025-03-24 20:39:44,841 - external_api - INFO: Функция сработала штатно, получены данные: [{'currency': 'USD', 'rate': 84.5}, {'currency': 'EUR', 'rate': 91.16}]
2025-03-24 20:39:46,270 - external_api - ERROR: По указанным параметрам нет возвращаемых данных
2025-03-24 20:45:12,584 - external_api - INFO: Функция сработала штатно, получены данные: [{'currency': 'USD', 'rate': 84.5}, {'currency': 'EUR', 'rate': 91.19}]
2025-03-24 20:45:13,869 - external_api - ERROR: По указанным параметрам нет возвращаемых данных
2025-03-24 20:46:19,354 - external_api - INFO: Функция сработала штатно, получены данные: [{'currency': 'USD', 'rate': 84.5}, {'currency': 'EUR', 'rate': 91.18}]
2025-03-24 20:46:20,832 - external_api - ERROR: По указанным параметрам нет возвращаемых данных
2025-03-24 20:50:18,425 - external_api - ERROR: Произошла ошибка при обращении ко внешнему API
2025-03-24 20:50:23,512 - external_api - ERROR: По указанным параметрам нет возвращаемых данных
2025-03-24 20:50:54,472 - external_api - ERROR: По указанным параметрам нет возвращаемых данных
2025-03-24 21:34:45,827 - external_api - INFO: Функция сработала штатно, получены данные: [{'currency': 'USD', 'rate': 83.6}]
2025-03-24 21:34:45,829 - external_api - ERROR: Произошла ошибка при обращении ко внешнему API
2025-03-24 21:34:45,832 - external_api - INFO: Функция сработала штатно, получены данные: [{'stock': 'MSFT', 'price': 213.6}]
2025-03-24 21:34:45,834 - external_api - ERROR: По указанным параметрам нет возвращаемых данных
2025-03-24 21:35:28,586 - external_api - INFO: Функция сработала штатно, получены данные: [{'currency': 'USD', 'rate': 84.5}, {'currency': 'EUR', 'rate': 91.22}]
2025-03-24 21:35:30,465 - external_api - ERROR: По указанным параметрам нет возвращаемых данных
2025-03-24 21:38:17,814 - external_api - INFO: Функция сработала штатно, получены данные: [{'currency': 'USD', 'rate': 83.6}]
2025-03-24 21:38:17,818 - external_api - ERROR: Произошла ошибка при обращении ко внешнему API
2025-03-24 21:38:17,822 - external_api - INFO: Функция сработала штатно, получены данные: [{'stock': 'MSFT', 'price': 213.6}]
2025-03-24 21:38:17,826 - external_api - ERROR: По указанным параметрам нет возвращаемых данных
2025-03-24 21:40:17,317 - external_api - INFO: Функция сработала штатно, получены данные: [{'currency': 'USD', 'rate': 84.5}, {'currency': 'EUR', 'rate': 91.26}]
2025-03-24 21:40:19,830 - external_api - ERROR: По указанным параметрам нет возвращаемых данных
2025-03-24 21:41:08,883 - external_api - INFO: Функция сработала штатно, получены данные: [{'currency': 'USD', 'rate': 83.6}]
2025-03-24 21:41:08,888 - external_api - ERROR: Произошла ошибка при обращении ко внешнему API
2025-03-24 21:41:08,893 - external_api - INFO: Функция сработала штатно, получены данные: [{'stock': 'MSFT', 'price': 213.6}]
2025-03-24 21:41:08,897 - external_api - ERROR: По указанным параметрам нет возвращаемых данных
2025-03-24 21:41:20,908 - external_api - INFO: Функция сработала штатно, получены данные: [{'currency': 'USD', 'rate': 84.5}, {'currency': 'EUR', 'rate': 91.35}]
2025-03-24 21:41:23,067 - external_api - ERROR: По указанным параметрам нет возвращаемых данных
2025-03-24 21:42:20,460 - external_api - INFO: Функция сработала штатно, получены данные: [{'currency': 'USD', 'rate': 83.6}]
2025-03-24 21:42:20,465 - external_api - ERROR: Произошла ошибка при обращении ко внешнему API
2025-03-24 21:42:20,469 - external_api - INFO: Функция сработала штатно, получены данные: [{'stock': 'MSFT', 'price': 213.6}]
2025-03-24 21:42:20,472 - external_api - ERROR: По указанным параметрам нет возвращаемых данных
2025-03-24 21:42:23,555 - external_api - INFO: Функция сработала штатно, получены данные: [{'currency': 'USD', 'rate': 84.5}, {'currency': 'EUR', 'rate': 91.31}]
2025-03-24 21:42:25,827 - external_api - ERROR: По указанным параметрам нет возвращаемых данных
2025-03-24 22:16:42,997 - external_api - ERROR: Произошла ошибка при обращении ко внешнему API
2025-03-24 22:16:44,563 - external_api - ERROR: По указанным параметрам нет возвращаемых данных
2025-03-24 22:23:15,431 - external_api - INFO: Функция сработала штатно, получены данные: [{'currency': 'USD', 'rate': 83.6}]
2025-03-24 22:23:15,436 - external_api - ERROR: Произошла ошибка при обращении ко внешнему API
2025-03-24 22:23:15,440 - external_api - INFO: Функция сработала штатно, получены данные: [{'stock': 'MSFT', 'price': 213.6}]
2025-03-24 22:23:15,443 - external_api - ERROR: По указанным параметрам нет возвращаемых данных
2025-03-24 22:23:18,712 - external_api - ERROR: Произошла ошибка при обращении ко внешнему API
2025-03-24 22:23:22,070 - external_api - ERROR: По указанным параметрам нет возвращаемых данных
