2025-03-24 12:02:14,935 - files_reader - INFO: Функция сработала штатно, получены данные:             Дата операции  ... Сумма операции с округлением
0     31.12.2021 16:44:00  ...                       160.89
1     31.12.2021 16:42:04  ...                        64.00
2     31.12.2021 16:39:04  ...                       118.12
3     31.12.2021 15:44:39  ...                        78.05
4     31.12.2021 01:23:42  ...                       564.00
...                   ...  ...                          ...
6700  04.01.2018 14:05:08  ...                      1065.90
6701  03.01.2018 15:03:35  ...                        73.06
6702  03.01.2018 14:55:21  ...                        21.00
6703  01.01.2018 20:27:51  ...                       316.00
6704  01.01.2018 12:49:53  ...                      3000.00

[6705 rows x 15 columns]
2025-03-24 12:02:14,973 - files_reader - INFO: Функция сработала штатно, получены данные: {'user_currencies': ['USD', 'EUR'], 'user_stocks': ['AAPL', 'AMZN', 'GOOGL', 'MSFT', 'TSLA']}
2025-03-24 12:02:14,973 - files_reader - INFO: Функция сработала штатно, получены данные: {'user_currencies': ['USD', 'EUR'], 'user_stocks': ['AAPL', 'AMZN', 'GOOGL', 'MSFT', 'TSLA']}
2025-03-24 12:02:45,554 - files_reader - INFO: Функция сработала штатно, получены данные:             Дата операции  ... Сумма операции с округлением
0     31.12.2021 16:44:00  ...                       160.89
1     31.12.2021 16:42:04  ...                        64.00
2     31.12.2021 16:39:04  ...                       118.12
3     31.12.2021 15:44:39  ...                        78.05
4     31.12.2021 01:23:42  ...                       564.00
...                   ...  ...                          ...
6700  04.01.2018 14:05:08  ...                      1065.90
6701  03.01.2018 15:03:35  ...                        73.06
6702  03.01.2018 14:55:21  ...                        21.00
6703  01.01.2018 20:27:51  ...                       316.00
6704  01.01.2018 12:49:53  ...                      3000.00

[6705 rows x 15 columns]
2025-03-24 12:02:45,591 - files_reader - INFO: Функция сработала штатно, получены данные: {'user_currencies': ['USD', 'EUR'], 'user_stocks': ['AAPL', 'AMZN', 'GOOGL', 'MSFT', 'TSLA']}
2025-03-24 12:02:45,591 - files_reader - INFO: Функция сработала штатно, получены данные: {'user_currencies': ['USD', 'EUR'], 'user_stocks': ['AAPL', 'AMZN', 'GOOGL', 'MSFT', 'TSLA']}
2025-03-24 12:04:49,892 - files_reader - INFO: Функция сработала штатно, получены данные:             Дата операции  ... Сумма операции с округлением
0     31.12.2021 16:44:00  ...                       160.89
1     31.12.2021 16:42:04  ...                        64.00
2     31.12.2021 16:39:04  ...                       118.12
3     31.12.2021 15:44:39  ...                        78.05
4     31.12.2021 01:23:42  ...                       564.00
...                   ...  ...                          ...
6700  04.01.2018 14:05:08  ...                      1065.90
6701  03.01.2018 15:03:35  ...                        73.06
6702  03.01.2018 14:55:21  ...                        21.00
6703  01.01.2018 20:27:51  ...                       316.00
6704  01.01.2018 12:49:53  ...                      3000.00

[6705 rows x 15 columns]
2025-03-24 12:04:49,927 - files_reader - INFO: Функция сработала штатно, получены данные: {'user_currencies': ['USD', 'EUR'], 'user_stocks': ['AAPL', 'AMZN', 'GOOGL', 'MSFT', 'TSLA']}
2025-03-24 12:04:49,927 - files_reader - INFO: Функция сработала штатно, получены данные: {'user_currencies': ['USD', 'EUR'], 'user_stocks': ['AAPL', 'AMZN', 'GOOGL', 'MSFT', 'TSLA']}
2025-03-24 12:10:20,507 - files_reader - INFO: Функция сработала штатно, получены данные:             Дата операции  ... Сумма операции с округлением
0     31.12.2021 16:44:00  ...                       160.89
1     31.12.2021 16:42:04  ...                        64.00
2     31.12.2021 16:39:04  ...                       118.12
3     31.12.2021 15:44:39  ...                        78.05
4     31.12.2021 01:23:42  ...                       564.00
...                   ...  ...                          ...
6700  04.01.2018 14:05:08  ...                      1065.90
6701  03.01.2018 15:03:35  ...                        73.06
6702  03.01.2018 14:55:21  ...                        21.00
6703  01.01.2018 20:27:51  ...                       316.00
6704  01.01.2018 12:49:53  ...                      3000.00

[6705 rows x 15 columns]
2025-03-24 12:11:37,907 - files_reader - INFO: Функция сработала штатно, получены данные:             Дата операции  ... Сумма операции с округлением
0     31.12.2021 16:44:00  ...                       160.89
1     31.12.2021 16:42:04  ...                        64.00
2     31.12.2021 16:39:04  ...                       118.12
3     31.12.2021 15:44:39  ...                        78.05
4     31.12.2021 01:23:42  ...                       564.00
...                   ...  ...                          ...
6700  04.01.2018 14:05:08  ...                      1065.90
6701  03.01.2018 15:03:35  ...                        73.06
6702  03.01.2018 14:55:21  ...                        21.00
6703  01.01.2018 20:27:51  ...                       316.00
6704  01.01.2018 12:49:53  ...                      3000.00

[6705 rows x 15 columns]
2025-03-24 12:17:17,184 - files_reader - INFO: Функция сработала штатно, получены данные:             Дата операции  ... Сумма операции с округлением
0     31.12.2021 16:44:00  ...                       160.89
1     31.12.2021 16:42:04  ...                        64.00
2     31.12.2021 16:39:04  ...                       118.12
3     31.12.2021 15:44:39  ...                        78.05
4     31.12.2021 01:23:42  ...                       564.00
...                   ...  ...                          ...
6700  04.01.2018 14:05:08  ...                      1065.90
6701  03.01.2018 15:03:35  ...                        73.06
6702  03.01.2018 14:55:21  ...                        21.00
6703  01.01.2018 20:27:51  ...                       316.00
6704  01.01.2018 12:49:53  ...                      3000.00

[6705 rows x 15 columns]
2025-03-24 12:17:17,220 - files_reader - INFO: Функция сработала штатно, получены данные: {'user_currencies': ['USD', 'EUR'], 'user_stocks': ['AAPL', 'AMZN', 'GOOGL', 'MSFT', 'TSLA']}
2025-03-24 12:17:17,220 - files_reader - INFO: Функция сработала штатно, получены данные: {'user_currencies': ['USD', 'EUR'], 'user_stocks': ['AAPL', 'AMZN', 'GOOGL', 'MSFT', 'TSLA']}
2025-03-24 12:18:10,140 - files_reader - INFO: Функция сработала штатно, получены данные:             Дата операции  ... Сумма операции с округлением
0     31.12.2021 16:44:00  ...                       160.89
1     31.12.2021 16:42:04  ...                        64.00
2     31.12.2021 16:39:04  ...                       118.12
3     31.12.2021 15:44:39  ...                        78.05
4     31.12.2021 01:23:42  ...                       564.00
...                   ...  ...                          ...
6700  04.01.2018 14:05:08  ...                      1065.90
6701  03.01.2018 15:03:35  ...                        73.06
6702  03.01.2018 14:55:21  ...                        21.00
6703  01.01.2018 20:27:51  ...                       316.00
6704  01.01.2018 12:49:53  ...                      3000.00

[6705 rows x 15 columns]
2025-03-24 12:18:10,176 - files_reader - INFO: Функция сработала штатно, получены данные: {'user_currencies': ['USD', 'EUR'], 'user_stocks': ['AAPL', 'AMZN', 'GOOGL', 'MSFT', 'TSLA']}
2025-03-24 12:18:10,176 - files_reader - INFO: Функция сработала штатно, получены данные: {'user_currencies': ['USD', 'EUR'], 'user_stocks': ['AAPL', 'AMZN', 'GOOGL', 'MSFT', 'TSLA']}
2025-03-24 12:19:07,028 - files_reader - INFO: Функция сработала штатно, получены данные:             Дата операции  ... Сумма операции с округлением
0     31.12.2021 16:44:00  ...                       160.89
1     31.12.2021 16:42:04  ...                        64.00
2     31.12.2021 16:39:04  ...                       118.12
3     31.12.2021 15:44:39  ...                        78.05
4     31.12.2021 01:23:42  ...                       564.00
...                   ...  ...                          ...
6700  04.01.2018 14:05:08  ...                      1065.90
6701  03.01.2018 15:03:35  ...                        73.06
6702  03.01.2018 14:55:21  ...                        21.00
6703  01.01.2018 20:27:51  ...                       316.00
6704  01.01.2018 12:49:53  ...                      3000.00

[6705 rows x 15 columns]
2025-03-24 12:21:04,287 - files_reader - INFO: Функция сработала штатно, получены данные:             Дата операции  ... Сумма операции с округлением
0     31.12.2021 16:44:00  ...                       160.89
1     31.12.2021 16:42:04  ...                        64.00
2     31.12.2021 16:39:04  ...                       118.12
3     31.12.2021 15:44:39  ...                        78.05
4     31.12.2021 01:23:42  ...                       564.00
...                   ...  ...                          ...
6700  04.01.2018 14:05:08  ...                      1065.90
6701  03.01.2018 15:03:35  ...                        73.06
6702  03.01.2018 14:55:21  ...                        21.00
6703  01.01.2018 20:27:51  ...                       316.00
6704  01.01.2018 12:49:53  ...                      3000.00

[6705 rows x 15 columns]
2025-03-24 12:21:04,326 - files_reader - INFO: Функция сработала штатно, получены данные: {'user_currencies': ['USD', 'EUR'], 'user_stocks': ['AAPL', 'AMZN', 'GOOGL', 'MSFT', 'TSLA']}
2025-03-24 12:21:04,326 - files_reader - INFO: Функция сработала штатно, получены данные: {'user_currencies': ['USD', 'EUR'], 'user_stocks': ['AAPL', 'AMZN', 'GOOGL', 'MSFT', 'TSLA']}
2025-03-24 12:23:20,649 - files_reader - INFO: Функция сработала штатно, получены данные: {'user_currencies': ['USD', 'EUR'], 'user_stocks': ['AAPL', 'AMZN', 'GOOGL', 'MSFT', 'TSLA']}
2025-03-24 12:23:20,649 - files_reader - INFO: Функция сработала штатно, получены данные: {'user_currencies': ['USD', 'EUR'], 'user_stocks': ['AAPL', 'AMZN', 'GOOGL', 'MSFT', 'TSLA']}
2025-03-24 12:24:44,661 - files_reader - INFO: Функция сработала штатно, получены данные: {'user_currencies': ['USD', 'EUR'], 'user_stocks': ['AAPL', 'AMZN', 'GOOGL', 'MSFT', 'TSLA']}
2025-03-24 12:24:44,661 - files_reader - INFO: Функция сработала штатно, получены данные: {'user_currencies': ['USD', 'EUR'], 'user_stocks': ['AAPL', 'AMZN', 'GOOGL', 'MSFT', 'TSLA']}
2025-03-24 12:27:23,523 - files_reader - INFO: Функция сработала штатно, получены данные: {'user_currencies': ['USD', 'EUR'], 'user_stocks': ['AAPL', 'AMZN', 'GOOGL', 'MSFT', 'TSLA']}
2025-03-24 12:27:23,523 - files_reader - INFO: Функция сработала штатно, получены данные: {'user_currencies': ['USD', 'EUR'], 'user_stocks': ['AAPL', 'AMZN', 'GOOGL', 'MSFT', 'TSLA']}
2025-03-24 12:28:14,506 - files_reader - INFO: Функция сработала штатно, получены данные: {'user_currencies': ['USD', 'EUR'], 'user_stocks': ['AAPL', 'AMZN', 'GOOGL', 'MSFT', 'TSLA']}
2025-03-24 12:28:14,506 - files_reader - INFO: Функция сработала штатно, получены данные: {'user_currencies': ['USD', 'EUR'], 'user_stocks': ['AAPL', 'AMZN', 'GOOGL', 'MSFT', 'TSLA']}
2025-03-24 12:29:29,657 - files_reader - INFO: Функция сработала штатно, получены данные: {'user_currencies': ['USD', 'EUR'], 'user_stocks': ['AAPL', 'AMZN', 'GOOGL', 'MSFT', 'TSLA']}
2025-03-24 12:29:29,657 - files_reader - INFO: Функция сработала штатно, получены данные: {'user_currencies': ['USD', 'EUR'], 'user_stocks': ['AAPL', 'AMZN', 'GOOGL', 'MSFT', 'TSLA']}
2025-03-24 12:30:13,218 - files_reader - INFO: Функция сработала штатно, получены данные: {'user_currencies': ['USD', 'EUR'], 'user_stocks': ['AAPL', 'AMZN', 'GOOGL', 'MSFT', 'TSLA']}
2025-03-24 12:30:13,219 - files_reader - INFO: Функция сработала штатно, получены данные: {'user_currencies': ['USD', 'EUR'], 'user_stocks': ['AAPL', 'AMZN', 'GOOGL', 'MSFT', 'TSLA']}
2025-03-24 12:31:09,020 - files_reader - INFO: Функция сработала штатно, получены данные: {'user_currencies': ['USD', 'EUR'], 'user_stocks': ['AAPL', 'AMZN', 'GOOGL', 'MSFT', 'TSLA']}
2025-03-24 12:31:09,020 - files_reader - INFO: Функция сработала штатно, получены данные: {'user_currencies': ['USD', 'EUR'], 'user_stocks': ['AAPL', 'AMZN', 'GOOGL', 'MSFT', 'TSLA']}
2025-03-24 12:31:59,522 - files_reader - INFO: Функция сработала штатно, получены данные: {'user_currencies': ['USD', 'EUR'], 'user_stocks': ['AAPL', 'AMZN', 'GOOGL', 'MSFT', 'TSLA']}
2025-03-24 12:31:59,522 - files_reader - INFO: Функция сработала штатно, получены данные: {'user_currencies': ['USD', 'EUR'], 'user_stocks': ['AAPL', 'AMZN', 'GOOGL', 'MSFT', 'TSLA']}
2025-03-24 12:33:43,479 - files_reader - INFO: Функция сработала штатно, получены данные: {'user_currencies': ['USD', 'EUR'], 'user_stocks': ['AAPL', 'AMZN', 'GOOGL', 'MSFT', 'TSLA']}
2025-03-24 12:33:43,479 - files_reader - INFO: Функция сработала штатно, получены данные: {'user_currencies': ['USD', 'EUR'], 'user_stocks': ['AAPL', 'AMZN', 'GOOGL', 'MSFT', 'TSLA']}
2025-03-24 12:35:06,266 - files_reader - INFO: Функция сработала штатно, получены данные: {'user_currencies': ['USD', 'EUR'], 'user_stocks': ['AAPL', 'AMZN', 'GOOGL', 'MSFT', 'TSLA']}
2025-03-24 12:35:06,266 - files_reader - INFO: Функция сработала штатно, получены данные: {'user_currencies': ['USD', 'EUR'], 'user_stocks': ['AAPL', 'AMZN', 'GOOGL', 'MSFT', 'TSLA']}
2025-03-24 12:38:39,209 - files_reader - INFO: Функция сработала штатно, получены данные: {'user_currencies': ['USD', 'EUR'], 'user_stocks': ['AAPL', 'AMZN', 'GOOGL', 'MSFT', 'TSLA']}
2025-03-24 12:38:39,209 - files_reader - INFO: Функция сработала штатно, получены данные: {'user_currencies': ['USD', 'EUR'], 'user_stocks': ['AAPL', 'AMZN', 'GOOGL', 'MSFT', 'TSLA']}
2025-03-24 12:39:26,966 - files_reader - INFO: Функция сработала штатно, получены данные:             Дата операции  ... Сумма операции с округлением
0     31.12.2021 16:44:00  ...                       160.89
1     31.12.2021 16:42:04  ...                        64.00
2     31.12.2021 16:39:04  ...                       118.12
3     31.12.2021 15:44:39  ...                        78.05
4     31.12.2021 01:23:42  ...                       564.00
...                   ...  ...                          ...
6700  04.01.2018 14:05:08  ...                      1065.90
6701  03.01.2018 15:03:35  ...                        73.06
6702  03.01.2018 14:55:21  ...                        21.00
6703  01.01.2018 20:27:51  ...                       316.00
6704  01.01.2018 12:49:53  ...                      3000.00

[6705 rows x 15 columns]
2025-03-24 12:39:40,048 - files_reader - INFO: Функция сработала штатно, получены данные:             Дата операции  ... Сумма операции с округлением
0     31.12.2021 16:44:00  ...                       160.89
1     31.12.2021 16:42:04  ...                        64.00
2     31.12.2021 16:39:04  ...                       118.12
3     31.12.2021 15:44:39  ...                        78.05
4     31.12.2021 01:23:42  ...                       564.00
...                   ...  ...                          ...
6700  04.01.2018 14:05:08  ...                      1065.90
6701  03.01.2018 15:03:35  ...                        73.06
6702  03.01.2018 14:55:21  ...                        21.00
6703  01.01.2018 20:27:51  ...                       316.00
6704  01.01.2018 12:49:53  ...                      3000.00

[6705 rows x 15 columns]
2025-03-24 12:39:55,596 - files_reader - INFO: Функция сработала штатно, получены данные:             Дата операции  ... Сумма операции с округлением
0     31.12.2021 16:44:00  ...                       160.89
1     31.12.2021 16:42:04  ...                        64.00
2     31.12.2021 16:39:04  ...                       118.12
3     31.12.2021 15:44:39  ...                        78.05
4     31.12.2021 01:23:42  ...                       564.00
...                   ...  ...                          ...
6700  04.01.2018 14:05:08  ...                      1065.90
6701  03.01.2018 15:03:35  ...                        73.06
6702  03.01.2018 14:55:21  ...                        21.00
6703  01.01.2018 20:27:51  ...                       316.00
6704  01.01.2018 12:49:53  ...                      3000.00

[6705 rows x 15 columns]
2025-03-24 12:42:18,175 - files_reader - INFO: Функция сработала штатно, получены данные: {'user_currencies': ['USD', 'EUR'], 'user_stocks': ['AAPL', 'AMZN', 'GOOGL', 'MSFT', 'TSLA']}
2025-03-24 12:42:18,175 - files_reader - INFO: Функция сработала штатно, получены данные: {'user_currencies': ['USD', 'EUR'], 'user_stocks': ['AAPL', 'AMZN', 'GOOGL', 'MSFT', 'TSLA']}
2025-03-24 12:42:45,631 - files_reader - INFO: Функция сработала штатно, получены данные: {'user_currencies': ['USD', 'EUR'], 'user_stocks': ['AAPL', 'AMZN', 'GOOGL', 'MSFT', 'TSLA']}
2025-03-24 12:42:45,631 - files_reader - INFO: Функция сработала штатно, получены данные: {'user_currencies': ['USD', 'EUR'], 'user_stocks': ['AAPL', 'AMZN', 'GOOGL', 'MSFT', 'TSLA']}
2025-03-24 12:44:03,326 - files_reader - INFO: Функция сработала штатно, получены данные: {'user_currencies': ['USD', 'EUR'], 'user_stocks': ['AAPL', 'AMZN', 'GOOGL', 'MSFT', 'TSLA']}
2025-03-24 12:44:03,327 - files_reader - INFO: Функция сработала штатно, получены данные: {'user_currencies': ['USD', 'EUR'], 'user_stocks': ['AAPL', 'AMZN', 'GOOGL', 'MSFT', 'TSLA']}
2025-03-24 12:44:17,883 - files_reader - INFO: Функция сработала штатно, получены данные: {'user_currencies': ['USD', 'EUR'], 'user_stocks': ['AAPL', 'AMZN', 'GOOGL', 'MSFT', 'TSLA']}
2025-03-24 12:44:17,883 - files_reader - INFO: Функция сработала штатно, получены данные: {'user_currencies': ['USD', 'EUR'], 'user_stocks': ['AAPL', 'AMZN', 'GOOGL', 'MSFT', 'TSLA']}
2025-03-24 14:03:12,555 - files_reader - INFO: Функция сработала штатно, получены данные: {'user_currencies': ['USD', 'EUR'], 'user_stocks': ['AAPL', 'AMZN', 'GOOGL', 'MSFT', 'TSLA']}
2025-03-24 14:03:12,555 - files_reader - INFO: Функция сработала штатно, получены данные: {'user_currencies': ['USD', 'EUR'], 'user_stocks': ['AAPL', 'AMZN', 'GOOGL', 'MSFT', 'TSLA']}
2025-03-24 14:04:06,015 - files_reader - INFO: Функция сработала штатно, получены данные: {'user_currencies': ['USD', 'EUR'], 'user_stocks': ['AAPL', 'AMZN', 'GOOGL', 'MSFT', 'TSLA']}
2025-03-24 14:04:06,015 - files_reader - INFO: Функция сработала штатно, получены данные: {'user_currencies': ['USD', 'EUR'], 'user_stocks': ['AAPL', 'AMZN', 'GOOGL', 'MSFT', 'TSLA']}
2025-03-24 14:06:10,181 - files_reader - INFO: Функция сработала штатно, получены данные: {'user_currencies': ['USD', 'EUR'], 'user_stocks': ['AAPL', 'AMZN', 'GOOGL', 'MSFT', 'TSLA']}
2025-03-24 14:06:10,181 - files_reader - INFO: Функция сработала штатно, получены данные: {'user_currencies': ['USD', 'EUR'], 'user_stocks': ['AAPL', 'AMZN', 'GOOGL', 'MSFT', 'TSLA']}
2025-03-24 20:13:45,155 - files_reader - INFO: Функция сработала штатно, получены данные: {'user_currencies': ['USD', 'EUR'], 'user_stocks': ['AAPL', 'AMZN', 'GOOGL', 'MSFT', 'TSLA']}
2025-03-24 20:13:45,155 - files_reader - INFO: Функция сработала штатно, получены данные: {'user_currencies': ['USD', 'EUR'], 'user_stocks': ['AAPL', 'AMZN', 'GOOGL', 'MSFT', 'TSLA']}
2025-03-24 20:24:25,007 - files_reader - INFO: Функция сработала штатно, получены данные: {'user_currencies': ['USD', 'EUR'], 'user_stocks': ['AAPL', 'AMZN', 'GOOGL', 'MSFT', 'TSLA']}
2025-03-24 20:24:25,007 - files_reader - INFO: Функция сработала штатно, получены данные: {'user_currencies': ['USD', 'EUR'], 'user_stocks': ['AAPL', 'AMZN', 'GOOGL', 'MSFT', 'TSLA']}
2025-03-24 20:25:36,683 - files_reader - INFO: Функция сработала штатно, получены данные: {'user_currencies': ['USD', 'EUR'], 'user_stocks': ['AAPL', 'AMZN', 'GOOGL', 'MSFT', 'TSLA']}
2025-03-24 20:25:36,683 - files_reader - INFO: Функция сработала штатно, получены данные: {'user_currencies': ['USD', 'EUR'], 'user_stocks': ['AAPL', 'AMZN', 'GOOGL', 'MSFT', 'TSLA']}
2025-03-24 20:25:55,358 - files_reader - INFO: Функция сработала штатно, получены данные: {'user_currencies': ['USD', 'EUR'], 'user_stocks': ['AAPL', 'AMZN', 'GOOGL', 'MSFT', 'TSLA']}
2025-03-24 20:25:55,358 - files_reader - INFO: Функция сработала штатно, получены данные: {'user_currencies': ['USD', 'EUR'], 'user_stocks': ['AAPL', 'AMZN', 'GOOGL', 'MSFT', 'TSLA']}
2025-03-24 20:26:32,082 - files_reader - INFO: Функция сработала штатно, получены данные: {'user_currencies': ['USD', 'EUR'], 'user_stocks': ['AAPL', 'AMZN', 'GOOGL', 'MSFT', 'TSLA']}
2025-03-24 20:26:32,083 - files_reader - INFO: Функция сработала штатно, получены данные: {'user_currencies': ['USD', 'EUR'], 'user_stocks': ['AAPL', 'AMZN', 'GOOGL', 'MSFT', 'TSLA']}
2025-03-24 20:27:05,975 - files_reader - INFO: Функция сработала штатно, получены данные: {'user_currencies': ['USD', 'EUR'], 'user_stocks': ['AAPL', 'AMZN', 'GOOGL', 'MSFT', 'TSLA']}
2025-03-24 20:27:05,975 - files_reader - INFO: Функция сработала штатно, получены данные: {'user_currencies': ['USD', 'EUR'], 'user_stocks': ['AAPL', 'AMZN', 'GOOGL', 'MSFT', 'TSLA']}
2025-03-24 20:27:19,742 - files_reader - INFO: Функция сработала штатно, получены данные: {'user_currencies': ['USD', 'EUR'], 'user_stocks': ['AAPL', 'AMZN', 'GOOGL', 'MSFT', 'TSLA']}
2025-03-24 20:27:19,742 - files_reader - INFO: Функция сработала штатно, получены данные: {'user_currencies': ['USD', 'EUR'], 'user_stocks': ['AAPL', 'AMZN', 'GOOGL', 'MSFT', 'TSLA']}
2025-03-24 20:30:14,197 - files_reader - INFO: Функция сработала штатно, получены данные: {'user_currencies': ['USD', 'EUR'], 'user_stocks': ['AAPL', 'AMZN', 'GOOGL', 'MSFT', 'TSLA']}
2025-03-24 20:30:14,197 - files_reader - INFO: Функция сработала штатно, получены данные: {'user_currencies': ['USD', 'EUR'], 'user_stocks': ['AAPL', 'AMZN', 'GOOGL', 'MSFT', 'TSLA']}
2025-03-24 20:30:43,373 - files_reader - INFO: Функция сработала штатно, получены данные: {'user_currencies': ['USD', 'EUR'], 'user_stocks': ['AAPL', 'AMZN', 'GOOGL', 'MSFT', 'TSLA']}
2025-03-24 20:30:43,373 - files_reader - INFO: Функция сработала штатно, получены данные: {'user_currencies': ['USD', 'EUR'], 'user_stocks': ['AAPL', 'AMZN', 'GOOGL', 'MSFT', 'TSLA']}
2025-03-24 20:32:05,656 - files_reader - INFO: Функция сработала штатно, получены данные: {'user_currencies': ['USD', 'EUR'], 'user_stocks': ['AAPL', 'AMZN', 'GOOGL', 'MSFT', 'TSLA']}
2025-03-24 20:32:05,656 - files_reader - INFO: Функция сработала штатно, получены данные: {'user_currencies': ['USD', 'EUR'], 'user_stocks': ['AAPL', 'AMZN', 'GOOGL', 'MSFT', 'TSLA']}
2025-03-24 20:36:18,302 - files_reader - INFO: Функция сработала штатно, получены данные: {'user_currencies': ['USD', 'EUR'], 'user_stocks': ['AAPL', 'AMZN', 'GOOGL', 'MSFT', 'TSLA']}
2025-03-24 20:36:18,303 - files_reader - INFO: Функция сработала штатно, получены данные: {'user_currencies': ['USD', 'EUR'], 'user_stocks': ['AAPL', 'AMZN', 'GOOGL', 'MSFT', 'TSLA']}
2025-03-24 20:39:20,587 - files_reader - INFO: Функция сработала штатно, получены данные:             Дата операции  ... Сумма операции с округлением
0     31.12.2021 16:44:00  ...                       160.89
1     31.12.2021 16:42:04  ...                        64.00
2     31.12.2021 16:39:04  ...                       118.12
3     31.12.2021 15:44:39  ...                        78.05
4     31.12.2021 01:23:42  ...                       564.00
...                   ...  ...                          ...
6700  04.01.2018 14:05:08  ...                      1065.90
6701  03.01.2018 15:03:35  ...                        73.06
6702  03.01.2018 14:55:21  ...                        21.00
6703  01.01.2018 20:27:51  ...                       316.00
6704  01.01.2018 12:49:53  ...                      3000.00

[6705 rows x 15 columns]
2025-03-24 20:39:21,508 - files_reader - INFO: Функция сработала штатно, получены данные:             Дата операции  ... Сумма операции с округлением
0     31.12.2021 16:44:00  ...                       160.89
1     31.12.2021 16:42:04  ...                        64.00
2     31.12.2021 16:39:04  ...                       118.12
3     31.12.2021 15:44:39  ...                        78.05
4     31.12.2021 01:23:42  ...                       564.00
...                   ...  ...                          ...
6700  04.01.2018 14:05:08  ...                      1065.90
6701  03.01.2018 15:03:35  ...                        73.06
6702  03.01.2018 14:55:21  ...                        21.00
6703  01.01.2018 20:27:51  ...                       316.00
6704  01.01.2018 12:49:53  ...                      3000.00

[6705 rows x 15 columns]
2025-03-24 20:39:22,294 - files_reader - INFO: Функция сработала штатно, получены данные:             Дата операции  ... Сумма операции с округлением
0     31.12.2021 16:44:00  ...                       160.89
1     31.12.2021 16:42:04  ...                        64.00
2     31.12.2021 16:39:04  ...                       118.12
3     31.12.2021 15:44:39  ...                        78.05
4     31.12.2021 01:23:42  ...                       564.00
...                   ...  ...                          ...
6700  04.01.2018 14:05:08  ...                      1065.90
6701  03.01.2018 15:03:35  ...                        73.06
6702  03.01.2018 14:55:21  ...                        21.00
6703  01.01.2018 20:27:51  ...                       316.00
6704  01.01.2018 12:49:53  ...                      3000.00

[6705 rows x 15 columns]
2025-03-24 20:39:43,550 - files_reader - INFO: Функция сработала штатно, получены данные: {'user_currencies': ['USD', 'EUR'], 'user_stocks': ['AAPL', 'AMZN', 'GOOGL', 'MSFT', 'TSLA']}
2025-03-24 20:39:43,551 - files_reader - INFO: Функция сработала штатно, получены данные: {'user_currencies': ['USD', 'EUR'], 'user_stocks': ['AAPL', 'AMZN', 'GOOGL', 'MSFT', 'TSLA']}
2025-03-24 20:45:11,462 - files_reader - INFO: Функция сработала штатно, получены данные: {'user_currencies': ['USD', 'EUR'], 'user_stocks': ['AAPL', 'AMZN', 'GOOGL', 'MSFT', 'TSLA']}
2025-03-24 20:45:11,462 - files_reader - INFO: Функция сработала штатно, получены данные: {'user_currencies': ['USD', 'EUR'], 'user_stocks': ['AAPL', 'AMZN', 'GOOGL', 'MSFT', 'TSLA']}
2025-03-24 20:46:18,233 - files_reader - INFO: Функция сработала штатно, получены данные: {'user_currencies': ['USD', 'EUR'], 'user_stocks': ['AAPL', 'AMZN', 'GOOGL', 'MSFT', 'TSLA']}
2025-03-24 20:46:18,233 - files_reader - INFO: Функция сработала штатно, получены данные: {'user_currencies': ['USD', 'EUR'], 'user_stocks': ['AAPL', 'AMZN', 'GOOGL', 'MSFT', 'TSLA']}
2025-03-24 20:46:57,883 - files_reader - INFO: Функция сработала штатно, получены данные:             Дата операции  ... Сумма операции с округлением
0     31.12.2021 16:44:00  ...                       160.89
1     31.12.2021 16:42:04  ...                        64.00
2     31.12.2021 16:39:04  ...                       118.12
3     31.12.2021 15:44:39  ...                        78.05
4     31.12.2021 01:23:42  ...                       564.00
...                   ...  ...                          ...
6700  04.01.2018 14:05:08  ...                      1065.90
6701  03.01.2018 15:03:35  ...                        73.06
6702  03.01.2018 14:55:21  ...                        21.00
6703  01.01.2018 20:27:51  ...                       316.00
6704  01.01.2018 12:49:53  ...                      3000.00

[6705 rows x 15 columns]
2025-03-24 20:46:57,919 - files_reader - INFO: Функция сработала штатно, получены данные: {'user_currencies': ['USD', 'EUR'], 'user_stocks': ['AAPL', 'AMZN', 'GOOGL', 'MSFT', 'TSLA']}
2025-03-24 20:46:57,919 - files_reader - INFO: Функция сработала штатно, получены данные: {'user_currencies': ['USD', 'EUR'], 'user_stocks': ['AAPL', 'AMZN', 'GOOGL', 'MSFT', 'TSLA']}
2025-03-24 20:49:37,440 - files_reader - INFO: Функция сработала штатно, получены данные: {'user_currencies': ['USD', 'EUR'], 'user_stocks': ['AAPL', 'AMZN', 'GOOGL', 'MSFT', 'TSLA']}
2025-03-24 20:49:37,440 - files_reader - INFO: Функция сработала штатно, получены данные: {'user_currencies': ['USD', 'EUR'], 'user_stocks': ['AAPL', 'AMZN', 'GOOGL', 'MSFT', 'TSLA']}
2025-03-24 20:50:49,844 - files_reader - INFO: Функция сработала штатно, получены данные: {'user_currencies': ['USD', 'EUR'], 'user_stocks': ['AAPL', 'AMZN', 'GOOGL', 'MSFT', 'TSLA']}
2025-03-24 20:50:49,845 - files_reader - INFO: Функция сработала штатно, получены данные: {'user_currencies': ['USD', 'EUR'], 'user_stocks': ['AAPL', 'AMZN', 'GOOGL', 'MSFT', 'TSLA']}
2025-03-24 20:51:59,962 - files_reader - INFO: Функция сработала штатно, получены данные: {'user_currencies': ['USD', 'EUR'], 'user_stocks': ['AAPL', 'AMZN', 'GOOGL', 'MSFT', 'TSLA']}
2025-03-24 20:51:59,962 - files_reader - INFO: Функция сработала штатно, получены данные: {'user_currencies': ['USD', 'EUR'], 'user_stocks': ['AAPL', 'AMZN', 'GOOGL', 'MSFT', 'TSLA']}
2025-03-24 21:01:42,247 - files_reader - INFO: Функция сработала штатно, получены данные:             Дата операции  ... Сумма операции с округлением
0     31.12.2021 16:44:00  ...                       160.89
1     31.12.2021 16:42:04  ...                        64.00
2     31.12.2021 16:39:04  ...                       118.12
3     31.12.2021 15:44:39  ...                        78.05
4     31.12.2021 01:23:42  ...                       564.00
...                   ...  ...                          ...
6700  04.01.2018 14:05:08  ...                      1065.90
6701  03.01.2018 15:03:35  ...                        73.06
6702  03.01.2018 14:55:21  ...                        21.00
6703  01.01.2018 20:27:51  ...                       316.00
6704  01.01.2018 12:49:53  ...                      3000.00

[6705 rows x 15 columns]
2025-03-24 21:10:32,892 - files_reader - INFO: Функция сработала штатно, получены данные:             Дата операции  ... Сумма операции с округлением
0     31.12.2021 16:44:00  ...                       160.89
1     31.12.2021 16:42:04  ...                        64.00
2     31.12.2021 16:39:04  ...                       118.12
3     31.12.2021 15:44:39  ...                        78.05
4     31.12.2021 01:23:42  ...                       564.00
...                   ...  ...                          ...
6700  04.01.2018 14:05:08  ...                      1065.90
6701  03.01.2018 15:03:35  ...                        73.06
6702  03.01.2018 14:55:21  ...                        21.00
6703  01.01.2018 20:27:51  ...                       316.00
6704  01.01.2018 12:49:53  ...                      3000.00

[6705 rows x 15 columns]
2025-03-24 21:10:46,642 - files_reader - INFO: Функция сработала штатно, получены данные:             Дата операции  ... Сумма операции с округлением
0     31.12.2021 16:44:00  ...                       160.89
1     31.12.2021 16:42:04  ...                        64.00
2     31.12.2021 16:39:04  ...                       118.12
3     31.12.2021 15:44:39  ...                        78.05
4     31.12.2021 01:23:42  ...                       564.00
...                   ...  ...                          ...
6700  04.01.2018 14:05:08  ...                      1065.90
6701  03.01.2018 15:03:35  ...                        73.06
6702  03.01.2018 14:55:21  ...                        21.00
6703  01.01.2018 20:27:51  ...                       316.00
6704  01.01.2018 12:49:53  ...                      3000.00

[6705 rows x 15 columns]
2025-03-24 21:22:39,514 - files_reader - INFO: Функция сработала штатно, получены данные:             Дата операции  ... Сумма операции с округлением
0     31.12.2021 16:44:00  ...                       160.89
1     31.12.2021 16:42:04  ...                        64.00
2     31.12.2021 16:39:04  ...                       118.12
3     31.12.2021 15:44:39  ...                        78.05
4     31.12.2021 01:23:42  ...                       564.00
...                   ...  ...                          ...
6700  04.01.2018 14:05:08  ...                      1065.90
6701  03.01.2018 15:03:35  ...                        73.06
6702  03.01.2018 14:55:21  ...                        21.00
6703  01.01.2018 20:27:51  ...                       316.00
6704  01.01.2018 12:49:53  ...                      3000.00

[6705 rows x 15 columns]
2025-03-24 21:24:03,830 - files_reader - INFO: Функция сработала штатно, получены данные:             Дата операции  ... Сумма операции с округлением
0     31.12.2021 16:44:00  ...                       160.89
1     31.12.2021 16:42:04  ...                        64.00
2     31.12.2021 16:39:04  ...                       118.12
3     31.12.2021 15:44:39  ...                        78.05
4     31.12.2021 01:23:42  ...                       564.00
...                   ...  ...                          ...
6700  04.01.2018 14:05:08  ...                      1065.90
6701  03.01.2018 15:03:35  ...                        73.06
6702  03.01.2018 14:55:21  ...                        21.00
6703  01.01.2018 20:27:51  ...                       316.00
6704  01.01.2018 12:49:53  ...                      3000.00

[6705 rows x 15 columns]
2025-03-24 21:24:48,407 - files_reader - INFO: Функция сработала штатно, получены данные:             Дата операции  ... Сумма операции с округлением
0     31.12.2021 16:44:00  ...                       160.89
1     31.12.2021 16:42:04  ...                        64.00
2     31.12.2021 16:39:04  ...                       118.12
3     31.12.2021 15:44:39  ...                        78.05
4     31.12.2021 01:23:42  ...                       564.00
...                   ...  ...                          ...
6700  04.01.2018 14:05:08  ...                      1065.90
6701  03.01.2018 15:03:35  ...                        73.06
6702  03.01.2018 14:55:21  ...                        21.00
6703  01.01.2018 20:27:51  ...                       316.00
6704  01.01.2018 12:49:53  ...                      3000.00

[6705 rows x 15 columns]
2025-03-24 21:25:31,110 - files_reader - INFO: Функция сработала штатно, получены данные:             Дата операции  ... Сумма операции с округлением
0     31.12.2021 16:44:00  ...                       160.89
1     31.12.2021 16:42:04  ...                        64.00
2     31.12.2021 16:39:04  ...                       118.12
3     31.12.2021 15:44:39  ...                        78.05
4     31.12.2021 01:23:42  ...                       564.00
...                   ...  ...                          ...
6700  04.01.2018 14:05:08  ...                      1065.90
6701  03.01.2018 15:03:35  ...                        73.06
6702  03.01.2018 14:55:21  ...                        21.00
6703  01.01.2018 20:27:51  ...                       316.00
6704  01.01.2018 12:49:53  ...                      3000.00

[6705 rows x 15 columns]
2025-03-24 21:27:16,979 - files_reader - INFO: Функция сработала штатно, получены данные:             Дата операции  ... Сумма операции с округлением
0     31.12.2021 16:44:00  ...                       160.89
1     31.12.2021 16:42:04  ...                        64.00
2     31.12.2021 16:39:04  ...                       118.12
3     31.12.2021 15:44:39  ...                        78.05
4     31.12.2021 01:23:42  ...                       564.00
...                   ...  ...                          ...
6700  04.01.2018 14:05:08  ...                      1065.90
6701  03.01.2018 15:03:35  ...                        73.06
6702  03.01.2018 14:55:21  ...                        21.00
6703  01.01.2018 20:27:51  ...                       316.00
6704  01.01.2018 12:49:53  ...                      3000.00

[6705 rows x 15 columns]
2025-03-24 21:29:10,728 - files_reader - INFO: Функция сработала штатно, получены данные:             Дата операции  ... Сумма операции с округлением
0     31.12.2021 16:44:00  ...                       160.89
1     31.12.2021 16:42:04  ...                        64.00
2     31.12.2021 16:39:04  ...                       118.12
3     31.12.2021 15:44:39  ...                        78.05
4     31.12.2021 01:23:42  ...                       564.00
...                   ...  ...                          ...
6700  04.01.2018 14:05:08  ...                      1065.90
6701  03.01.2018 15:03:35  ...                        73.06
6702  03.01.2018 14:55:21  ...                        21.00
6703  01.01.2018 20:27:51  ...                       316.00
6704  01.01.2018 12:49:53  ...                      3000.00

[6705 rows x 15 columns]
2025-03-24 21:29:47,600 - files_reader - INFO: Функция сработала штатно, получены данные:             Дата операции  ... Сумма операции с округлением
0     31.12.2021 16:44:00  ...                       160.89
1     31.12.2021 16:42:04  ...                        64.00
2     31.12.2021 16:39:04  ...                       118.12
3     31.12.2021 15:44:39  ...                        78.05
4     31.12.2021 01:23:42  ...                       564.00
...                   ...  ...                          ...
6700  04.01.2018 14:05:08  ...                      1065.90
6701  03.01.2018 15:03:35  ...                        73.06
6702  03.01.2018 14:55:21  ...                        21.00
6703  01.01.2018 20:27:51  ...                       316.00
6704  01.01.2018 12:49:53  ...                      3000.00

[6705 rows x 15 columns]
2025-03-24 21:32:20,877 - files_reader - INFO: Функция сработала штатно, получены данные:             Дата операции  ... Сумма операции с округлением
0     31.12.2021 16:44:00  ...                       160.89
1     31.12.2021 16:42:04  ...                        64.00
2     31.12.2021 16:39:04  ...                       118.12
3     31.12.2021 15:44:39  ...                        78.05
4     31.12.2021 01:23:42  ...                       564.00
...                   ...  ...                          ...
6700  04.01.2018 14:05:08  ...                      1065.90
6701  03.01.2018 15:03:35  ...                        73.06
6702  03.01.2018 14:55:21  ...                        21.00
6703  01.01.2018 20:27:51  ...                       316.00
6704  01.01.2018 12:49:53  ...                      3000.00

[6705 rows x 15 columns]
2025-03-24 21:32:54,370 - files_reader - INFO: Функция сработала штатно, получены данные:             Дата операции  ... Сумма операции с округлением
0     31.12.2021 16:44:00  ...                       160.89
1     31.12.2021 16:42:04  ...                        64.00
2     31.12.2021 16:39:04  ...                       118.12
3     31.12.2021 15:44:39  ...                        78.05
4     31.12.2021 01:23:42  ...                       564.00
...                   ...  ...                          ...
6700  04.01.2018 14:05:08  ...                      1065.90
6701  03.01.2018 15:03:35  ...                        73.06
6702  03.01.2018 14:55:21  ...                        21.00
6703  01.01.2018 20:27:51  ...                       316.00
6704  01.01.2018 12:49:53  ...                      3000.00

[6705 rows x 15 columns]
2025-03-24 21:34:45,837 - files_reader - INFO: Функция сработала штатно, получены данные: {'user_currencies': ['USD', 'EUR']}
2025-03-24 21:34:45,840 - files_reader - ERROR: Произошла ошибка декодирования JSON в данных
2025-03-24 21:34:45,842 - files_reader - ERROR: Файл по пути wrong_path.json не найден
2025-03-24 21:34:45,848 - files_reader - INFO: Функция сработала штатно, получены данные:    column1 column2
0        1       A
1        2       B
2025-03-24 21:34:45,850 - files_reader - ERROR: Файл по пути dummy_path.xlsx не найден
2025-03-24 21:34:47,216 - files_reader - INFO: Функция сработала штатно, получены данные:             Дата операции  ... Сумма операции с округлением
0     31.12.2021 16:44:00  ...                       160.89
1     31.12.2021 16:42:04  ...                        64.00
2     31.12.2021 16:39:04  ...                       118.12
3     31.12.2021 15:44:39  ...                        78.05
4     31.12.2021 01:23:42  ...                       564.00
...                   ...  ...                          ...
6700  04.01.2018 14:05:08  ...                      1065.90
6701  03.01.2018 15:03:35  ...                        73.06
6702  03.01.2018 14:55:21  ...                        21.00
6703  01.01.2018 20:27:51  ...                       316.00
6704  01.01.2018 12:49:53  ...                      3000.00

[6705 rows x 15 columns]
2025-03-24 21:34:47,250 - files_reader - INFO: Функция сработала штатно, получены данные: {'user_currencies': ['USD', 'EUR'], 'user_stocks': ['AAPL', 'AMZN', 'GOOGL', 'MSFT', 'TSLA']}
2025-03-24 21:34:47,250 - files_reader - INFO: Функция сработала штатно, получены данные: {'user_currencies': ['USD', 'EUR'], 'user_stocks': ['AAPL', 'AMZN', 'GOOGL', 'MSFT', 'TSLA']}
2025-03-24 21:37:47,399 - files_reader - INFO: Функция сработала штатно, получены данные: {'user_currencies': ['USD', 'EUR']}
2025-03-24 21:37:47,405 - files_reader - ERROR: Произошла ошибка декодирования JSON в данных
2025-03-24 21:37:47,409 - files_reader - ERROR: Файл по пути wrong_path.json не найден
2025-03-24 21:37:47,419 - files_reader - INFO: Функция сработала штатно, получены данные:    column1 column2
0        1       A
1        2       B
2025-03-24 21:37:47,423 - files_reader - ERROR: Файл по пути dummy_path.xlsx не найден
2025-03-24 21:40:16,169 - files_reader - INFO: Функция сработала штатно, получены данные:             Дата операции  ... Сумма операции с округлением
0     31.12.2021 16:44:00  ...                       160.89
1     31.12.2021 16:42:04  ...                        64.00
2     31.12.2021 16:39:04  ...                       118.12
3     31.12.2021 15:44:39  ...                        78.05
4     31.12.2021 01:23:42  ...                       564.00
...                   ...  ...                          ...
6700  04.01.2018 14:05:08  ...                      1065.90
6701  03.01.2018 15:03:35  ...                        73.06
6702  03.01.2018 14:55:21  ...                        21.00
6703  01.01.2018 20:27:51  ...                       316.00
6704  01.01.2018 12:49:53  ...                      3000.00

[6705 rows x 15 columns]
2025-03-24 21:40:16,240 - files_reader - INFO: Функция сработала штатно, получены данные: {'user_currencies': ['USD', 'EUR'], 'user_stocks': ['AAPL', 'AMZN', 'GOOGL', 'MSFT', 'TSLA']}
2025-03-24 21:40:16,240 - files_reader - INFO: Функция сработала штатно, получены данные: {'user_currencies': ['USD', 'EUR'], 'user_stocks': ['AAPL', 'AMZN', 'GOOGL', 'MSFT', 'TSLA']}
2025-03-24 21:41:08,904 - files_reader - INFO: Функция сработала штатно, получены данные: {'user_currencies': ['USD', 'EUR']}
2025-03-24 21:41:08,910 - files_reader - ERROR: Произошла ошибка декодирования JSON в данных
2025-03-24 21:41:08,914 - files_reader - ERROR: Файл по пути wrong_path.json не найден
2025-03-24 21:41:08,925 - files_reader - INFO: Функция сработала штатно, получены данные:    column1 column2
0        1       A
1        2       B
2025-03-24 21:41:08,929 - files_reader - ERROR: Файл по пути dummy_path.xlsx не найден
2025-03-24 21:41:10,909 - files_reader - INFO: Функция сработала штатно, получены данные:             Дата операции  ... Сумма операции с округлением
0     31.12.2021 16:44:00  ...                       160.89
1     31.12.2021 16:42:04  ...                        64.00
2     31.12.2021 16:39:04  ...                       118.12
3     31.12.2021 15:44:39  ...                        78.05
4     31.12.2021 01:23:42  ...                       564.00
...                   ...  ...                          ...
6700  04.01.2018 14:05:08  ...                      1065.90
6701  03.01.2018 15:03:35  ...                        73.06
6702  03.01.2018 14:55:21  ...                        21.00
6703  01.01.2018 20:27:51  ...                       316.00
6704  01.01.2018 12:49:53  ...                      3000.00

[6705 rows x 15 columns]
2025-03-24 21:41:10,978 - files_reader - INFO: Функция сработала штатно, получены данные: {'user_currencies': ['USD', 'EUR'], 'user_stocks': ['AAPL', 'AMZN', 'GOOGL', 'MSFT', 'TSLA']}
2025-03-24 21:41:10,979 - files_reader - INFO: Функция сработала штатно, получены данные: {'user_currencies': ['USD', 'EUR'], 'user_stocks': ['AAPL', 'AMZN', 'GOOGL', 'MSFT', 'TSLA']}
2025-03-24 21:42:20,478 - files_reader - INFO: Функция сработала штатно, получены данные: {'user_currencies': ['USD', 'EUR']}
2025-03-24 21:42:20,483 - files_reader - ERROR: Произошла ошибка декодирования JSON в данных
2025-03-24 21:42:20,487 - files_reader - ERROR: Файл по пути wrong_path.json не найден
2025-03-24 21:42:20,497 - files_reader - INFO: Функция сработала штатно, получены данные:    column1 column2
0        1       A
1        2       B
2025-03-24 21:42:20,502 - files_reader - ERROR: Файл по пути dummy_path.xlsx не найден
2025-03-24 21:42:22,443 - files_reader - INFO: Функция сработала штатно, получены данные:             Дата операции  ... Сумма операции с округлением
0     31.12.2021 16:44:00  ...                       160.89
1     31.12.2021 16:42:04  ...                        64.00
2     31.12.2021 16:39:04  ...                       118.12
3     31.12.2021 15:44:39  ...                        78.05
4     31.12.2021 01:23:42  ...                       564.00
...                   ...  ...                          ...
6700  04.01.2018 14:05:08  ...                      1065.90
6701  03.01.2018 15:03:35  ...                        73.06
6702  03.01.2018 14:55:21  ...                        21.00
6703  01.01.2018 20:27:51  ...                       316.00
6704  01.01.2018 12:49:53  ...                      3000.00

[6705 rows x 15 columns]
2025-03-24 21:42:22,513 - files_reader - INFO: Функция сработала штатно, получены данные: {'user_currencies': ['USD', 'EUR'], 'user_stocks': ['AAPL', 'AMZN', 'GOOGL', 'MSFT', 'TSLA']}
2025-03-24 21:42:22,513 - files_reader - INFO: Функция сработала штатно, получены данные: {'user_currencies': ['USD', 'EUR'], 'user_stocks': ['AAPL', 'AMZN', 'GOOGL', 'MSFT', 'TSLA']}
2025-03-24 22:16:41,849 - files_reader - INFO: Функция сработала штатно, получены данные:             Дата операции  ... Сумма операции с округлением
0     31.12.2021 16:44:00  ...                       160.89
1     31.12.2021 16:42:04  ...                        64.00
2     31.12.2021 16:39:04  ...                       118.12
3     31.12.2021 15:44:39  ...                        78.05
4     31.12.2021 01:23:42  ...                       564.00
...                   ...  ...                          ...
6700  04.01.2018 14:05:08  ...                      1065.90
6701  03.01.2018 15:03:35  ...                        73.06
6702  03.01.2018 14:55:21  ...                        21.00
6703  01.01.2018 20:27:51  ...                       316.00
6704  01.01.2018 12:49:53  ...                      3000.00

[6705 rows x 15 columns]
2025-03-24 22:16:41,886 - files_reader - INFO: Функция сработала штатно, получены данные: {'user_currencies': ['USD', 'EUR'], 'user_stocks': ['AAPL', 'AMZN', 'GOOGL', 'MSFT', 'TSLA']}
2025-03-24 22:16:41,886 - files_reader - INFO: Функция сработала штатно, получены данные: {'user_currencies': ['USD', 'EUR'], 'user_stocks': ['AAPL', 'AMZN', 'GOOGL', 'MSFT', 'TSLA']}
2025-03-24 22:17:01,284 - files_reader - INFO: Функция сработала штатно, получены данные:             Дата операции  ... Сумма операции с округлением
0     31.12.2021 16:44:00  ...                       160.89
1     31.12.2021 16:42:04  ...                        64.00
2     31.12.2021 16:39:04  ...                       118.12
3     31.12.2021 15:44:39  ...                        78.05
4     31.12.2021 01:23:42  ...                       564.00
...                   ...  ...                          ...
6700  04.01.2018 14:05:08  ...                      1065.90
6701  03.01.2018 15:03:35  ...                        73.06
6702  03.01.2018 14:55:21  ...                        21.00
6703  01.01.2018 20:27:51  ...                       316.00
6704  01.01.2018 12:49:53  ...                      3000.00

[6705 rows x 15 columns]
2025-03-24 22:17:02,084 - files_reader - INFO: Функция сработала штатно, получены данные:             Дата операции  ... Сумма операции с округлением
0     31.12.2021 16:44:00  ...                       160.89
1     31.12.2021 16:42:04  ...                        64.00
2     31.12.2021 16:39:04  ...                       118.12
3     31.12.2021 15:44:39  ...                        78.05
4     31.12.2021 01:23:42  ...                       564.00
...                   ...  ...                          ...
6700  04.01.2018 14:05:08  ...                      1065.90
6701  03.01.2018 15:03:35  ...                        73.06
6702  03.01.2018 14:55:21  ...                        21.00
6703  01.01.2018 20:27:51  ...                       316.00
6704  01.01.2018 12:49:53  ...                      3000.00

[6705 rows x 15 columns]
2025-03-24 22:23:15,450 - files_reader - INFO: Функция сработала штатно, получены данные: {'user_currencies': ['USD', 'EUR']}
2025-03-24 22:23:15,455 - files_reader - ERROR: Произошла ошибка декодирования JSON в данных
2025-03-24 22:23:15,459 - files_reader - ERROR: Файл по пути wrong_path.json не найден
2025-03-24 22:23:15,468 - files_reader - INFO: Функция сработала штатно, получены данные:    column1 column2
0        1       A
1        2       B
2025-03-24 22:23:15,472 - files_reader - ERROR: Файл по пути dummy_path.xlsx не найден
2025-03-24 22:23:17,424 - files_reader - INFO: Функция сработала штатно, получены данные:             Дата операции  ... Сумма операции с округлением
0     31.12.2021 16:44:00  ...                       160.89
1     31.12.2021 16:42:04  ...                        64.00
2     31.12.2021 16:39:04  ...                       118.12
3     31.12.2021 15:44:39  ...                        78.05
4     31.12.2021 01:23:42  ...                       564.00
...                   ...  ...                          ...
6700  04.01.2018 14:05:08  ...                      1065.90
6701  03.01.2018 15:03:35  ...                        73.06
6702  03.01.2018 14:55:21  ...                        21.00
6703  01.01.2018 20:27:51  ...                       316.00
6704  01.01.2018 12:49:53  ...                      3000.00

[6705 rows x 15 columns]
2025-03-24 22:23:17,492 - files_reader - INFO: Функция сработала штатно, получены данные: {'user_currencies': ['USD', 'EUR'], 'user_stocks': ['AAPL', 'AMZN', 'GOOGL', 'MSFT', 'TSLA']}
2025-03-24 22:23:17,493 - files_reader - INFO: Функция сработала штатно, получены данные: {'user_currencies': ['USD', 'EUR'], 'user_stocks': ['AAPL', 'AMZN', 'GOOGL', 'MSFT', 'TSLA']}
