2025-03-24 12:02:14,973 - utils - INFO: Функция сработала штатно, приветствие: Добрый день
2025-03-24 12:02:15,011 - utils - ERROR: По указанным параметрам нет возвращаемых данных
2025-03-24 12:02:15,050 - utils - ERROR: По указанным параметрам нет возвращаемых данных
2025-03-24 12:02:45,591 - utils - INFO: Функция сработала штатно, приветствие: Добрый день
2025-03-24 12:02:45,630 - utils - ERROR: По указанным параметрам нет возвращаемых данных
2025-03-24 12:02:45,667 - utils - ERROR: По указанным параметрам нет возвращаемых данных
2025-03-24 12:04:49,927 - utils - INFO: Функция сработала штатно, приветствие: Добрый день
2025-03-24 12:04:49,965 - utils - INFO: Работа функции завершилась штатно.
2025-03-24 12:04:50,002 - utils - INFO: Работа функции завершилась штатно.
2025-03-24 12:17:17,220 - utils - INFO: Функция сработала штатно, приветствие: Добрый день
2025-03-24 12:17:17,262 - utils - INFO: Работа функции завершилась штатно.
2025-03-24 12:18:10,176 - utils - INFO: Функция сработала штатно, приветствие: Добрый день
2025-03-24 12:18:10,215 - utils - INFO: Работа функции завершилась штатно.
2025-03-24 12:21:04,327 - utils - INFO: Функция сработала штатно, приветствие: Добрый день
2025-03-24 12:21:04,370 - utils - INFO: Работа функции завершилась штатно.
2025-03-24 12:23:20,649 - utils - INFO: Функция сработала штатно, приветствие: Добрый день
2025-03-24 12:23:20,649 - utils - ERROR: По указанным параметрам нет возвращаемых данных
2025-03-24 12:24:44,661 - utils - INFO: Функция сработала штатно, приветствие: Добрый день
2025-03-24 12:24:44,662 - utils - INFO: Работа функции завершилась штатно.
2025-03-24 12:27:23,524 - utils - INFO: Функция сработала штатно, приветствие: Добрый день
2025-03-24 12:27:23,524 - utils - INFO: Работа функции завершилась штатно.
2025-03-24 12:28:14,506 - utils - INFO: Функция сработала штатно, приветствие: Добрый день
2025-03-24 12:28:14,507 - utils - INFO: Работа функции завершилась штатно.
2025-03-24 12:29:29,657 - utils - INFO: Функция сработала штатно, приветствие: Добрый день
2025-03-24 12:29:29,658 - utils - INFO: Работа функции завершилась штатно.
2025-03-24 12:30:13,219 - utils - INFO: Функция сработала штатно, приветствие: Добрый день
2025-03-24 12:30:13,219 - utils - INFO: Работа функции завершилась штатно.
2025-03-24 12:31:09,020 - utils - INFO: Функция сработала штатно, приветствие: Добрый день
2025-03-24 12:31:09,021 - utils - INFO: Работа функции завершилась штатно.
2025-03-24 12:31:59,522 - utils - INFO: Функция сработала штатно, приветствие: Добрый день
2025-03-24 12:31:59,523 - utils - INFO: Работа функции завершилась штатно.
2025-03-24 12:33:43,479 - utils - INFO: Функция сработала штатно, приветствие: Добрый день
2025-03-24 12:33:43,480 - utils - INFO: Работа функции завершилась штатно.
2025-03-24 12:35:06,266 - utils - INFO: Функция сработала штатно, приветствие: Добрый день
2025-03-24 12:35:06,266 - utils - INFO: Работа функции завершилась штатно.
2025-03-24 12:38:39,209 - utils - INFO: Функция сработала штатно, приветствие: Добрый день
2025-03-24 12:38:39,209 - utils - INFO: Работа функции завершилась штатно.
2025-03-24 12:42:18,175 - utils - INFO: Функция сработала штатно, приветствие: Добрый день
2025-03-24 12:42:18,176 - utils - INFO: Работа функции завершилась штатно.
2025-03-24 12:42:45,631 - utils - INFO: Функция сработала штатно, приветствие: Добрый день
2025-03-24 12:42:45,632 - utils - INFO: Работа функции завершилась штатно.
2025-03-24 12:44:03,327 - utils - INFO: Функция сработала штатно, приветствие: Добрый день
2025-03-24 12:44:03,327 - utils - INFO: Работа функции завершилась штатно.
2025-03-24 12:44:03,327 - utils - INFO: Работа функции завершилась штатно.
2025-03-24 12:44:17,884 - utils - INFO: Функция сработала штатно, приветствие: Добрый день
2025-03-24 12:44:17,884 - utils - INFO: Работа функции завершилась штатно.
2025-03-24 12:44:17,884 - utils - INFO: Работа функции завершилась штатно.
2025-03-24 14:03:12,555 - utils - INFO: Функция сработала штатно, приветствие: Добрый день
2025-03-24 14:03:12,556 - utils - INFO: Работа функции завершилась штатно.
2025-03-24 14:03:12,556 - utils - INFO: Работа функции завершилась штатно.
2025-03-24 14:04:06,015 - utils - INFO: Функция сработала штатно, приветствие: Добрый день
2025-03-24 14:04:06,015 - utils - INFO: Работа функции завершилась штатно.
2025-03-24 14:04:06,015 - utils - INFO: Работа функции завершилась штатно.
2025-03-24 14:06:10,181 - utils - INFO: Функция сработала штатно, приветствие: Добрый день
2025-03-24 14:06:10,182 - utils - INFO: Работа функции завершилась штатно.
2025-03-24 14:06:10,182 - utils - INFO: Работа функции завершилась штатно.
2025-03-24 20:13:45,155 - utils - INFO: Функция сработала штатно, приветствие: Добрый вечер
2025-03-24 20:13:45,156 - utils - INFO: Работа функции завершилась штатно.
2025-03-24 20:13:45,156 - utils - INFO: Работа функции завершилась штатно.
2025-03-24 20:24:25,007 - utils - INFO: Функция сработала штатно, приветствие: Добрый вечер
2025-03-24 20:24:25,007 - utils - INFO: Работа функции завершилась штатно.
2025-03-24 20:24:25,007 - utils - INFO: Работа функции завершилась штатно.
2025-03-24 20:25:36,683 - utils - INFO: Функция сработала штатно, приветствие: Добрый вечер
2025-03-24 20:25:36,683 - utils - INFO: Работа функции завершилась штатно.
2025-03-24 20:25:36,684 - utils - INFO: Работа функции завершилась штатно.
2025-03-24 20:25:55,358 - utils - INFO: Функция сработала штатно, приветствие: Добрый вечер
2025-03-24 20:25:55,359 - utils - INFO: Работа функции завершилась штатно.
2025-03-24 20:25:55,359 - utils - INFO: Работа функции завершилась штатно.
2025-03-24 20:26:32,083 - utils - INFO: Функция сработала штатно, приветствие: Добрый вечер
2025-03-24 20:26:32,083 - utils - INFO: Работа функции завершилась штатно.
2025-03-24 20:26:32,083 - utils - INFO: Работа функции завершилась штатно.
2025-03-24 20:27:05,975 - utils - INFO: Функция сработала штатно, приветствие: Добрый вечер
2025-03-24 20:27:05,976 - utils - INFO: Работа функции завершилась штатно.
2025-03-24 20:27:05,976 - utils - INFO: Работа функции завершилась штатно.
2025-03-24 20:27:19,742 - utils - INFO: Функция сработала штатно, приветствие: Добрый вечер
2025-03-24 20:27:19,742 - utils - INFO: Работа функции завершилась штатно.
2025-03-24 20:27:19,743 - utils - INFO: Работа функции завершилась штатно.
2025-03-24 20:30:14,197 - utils - INFO: Функция сработала штатно, приветствие: Добрый вечер
2025-03-24 20:30:14,198 - utils - ERROR: По указанным параметрам нет возвращаемых данных
2025-03-24 20:30:14,198 - utils - ERROR: По указанным параметрам нет возвращаемых данных
2025-03-24 20:30:43,373 - utils - INFO: Функция сработала штатно, приветствие: Добрый вечер
2025-03-24 20:30:43,374 - utils - ERROR: По указанным параметрам нет возвращаемых данных
2025-03-24 20:30:43,374 - utils - ERROR: По указанным параметрам нет возвращаемых данных
2025-03-24 20:32:05,656 - utils - INFO: Функция сработала штатно, приветствие: Добрый вечер
2025-03-24 20:32:05,657 - utils - ERROR: По указанным параметрам нет возвращаемых данных
2025-03-24 20:32:05,657 - utils - ERROR: По указанным параметрам нет возвращаемых данных
2025-03-24 20:36:18,303 - utils - INFO: Функция сработала штатно, приветствие: Добрый вечер
2025-03-24 20:36:18,303 - utils - INFO: Работа функции завершилась штатно.
2025-03-24 20:36:18,303 - utils - INFO: Работа функции завершилась штатно.
2025-03-24 20:39:43,551 - utils - INFO: Функция сработала штатно, приветствие: Добрый вечер
2025-03-24 20:39:43,551 - utils - ERROR: По указанным параметрам нет возвращаемых данных
2025-03-24 20:39:43,551 - utils - ERROR: По указанным параметрам нет возвращаемых данных
2025-03-24 20:45:11,462 - utils - INFO: Функция сработала штатно, приветствие: Добрый вечер
2025-03-24 20:45:11,462 - utils - ERROR: По указанным параметрам нет возвращаемых данных
2025-03-24 20:45:11,462 - utils - ERROR: По указанным параметрам нет возвращаемых данных
2025-03-24 20:46:18,233 - utils - INFO: Функция сработала штатно, приветствие: Добрый вечер
2025-03-24 20:46:18,233 - utils - INFO: Работа функции завершилась штатно.
2025-03-24 20:46:18,233 - utils - INFO: Работа функции завершилась штатно.
2025-03-24 20:46:57,919 - utils - INFO: Функция сработала штатно, приветствие: Добрый вечер
2025-03-24 20:46:57,957 - utils - INFO: Работа функции завершилась штатно.
2025-03-24 20:46:57,994 - utils - INFO: Работа функции завершилась штатно.
2025-03-24 20:49:37,440 - utils - INFO: Функция сработала штатно, приветствие: Добрый вечер
2025-03-24 20:49:37,441 - utils - INFO: Работа функции завершилась штатно.
2025-03-24 20:49:37,441 - utils - INFO: Работа функции завершилась штатно.
2025-03-24 20:50:49,845 - utils - INFO: Функция сработала штатно, приветствие: Добрый вечер
2025-03-24 20:50:49,845 - utils - INFO: Работа функции завершилась штатно.
2025-03-24 20:50:49,845 - utils - INFO: Работа функции завершилась штатно.
2025-03-24 20:51:59,962 - utils - INFO: Функция сработала штатно, приветствие: Добрый вечер
2025-03-24 20:51:59,962 - utils - INFO: Работа функции завершилась штатно.
2025-03-24 20:51:59,962 - utils - INFO: Работа функции завершилась штатно.
2025-03-24 21:34:46,355 - utils - INFO: Функция сработала штатно, приветствие: Доброе утро
2025-03-24 21:34:46,355 - utils - INFO: Функция сработала штатно, приветствие: Добрый день
2025-03-24 21:34:46,355 - utils - INFO: Функция сработала штатно, приветствие: Добрый вечер
2025-03-24 21:34:46,356 - utils - INFO: Функция сработала штатно, приветствие: Доброй ночи
2025-03-24 21:34:46,357 - utils - INFO: Работа функции завершилась штатно.
2025-03-24 21:34:46,358 - utils - ERROR: По указанным параметрам нет возвращаемых данных
2025-03-24 21:34:46,359 - utils - INFO: Работа функции завершилась штатно.
2025-03-24 21:34:46,360 - utils - ERROR: По указанным параметрам нет возвращаемых данных
2025-03-24 21:34:47,250 - utils - INFO: Функция сработала штатно, приветствие: Добрый вечер
2025-03-24 21:34:47,288 - utils - INFO: Работа функции завершилась штатно.
2025-03-24 21:34:47,325 - utils - INFO: Работа функции завершилась штатно.
2025-03-24 21:39:58,321 - utils - INFO: Функция сработала штатно, приветствие: Доброе утро
2025-03-24 21:39:58,322 - utils - INFO: Функция сработала штатно, приветствие: Добрый день
2025-03-24 21:39:58,322 - utils - INFO: Функция сработала штатно, приветствие: Добрый вечер
2025-03-24 21:39:58,322 - utils - INFO: Функция сработала штатно, приветствие: Доброй ночи
2025-03-24 21:39:58,326 - utils - INFO: Работа функции завершилась штатно.
2025-03-24 21:39:58,328 - utils - ERROR: По указанным параметрам нет возвращаемых данных
2025-03-24 21:39:58,330 - utils - INFO: Работа функции завершилась штатно.
2025-03-24 21:39:58,332 - utils - ERROR: По указанным параметрам нет возвращаемых данных
2025-03-24 21:40:16,241 - utils - INFO: Функция сработала штатно, приветствие: Добрый вечер
2025-03-24 21:40:16,314 - utils - INFO: Работа функции завершилась штатно.
2025-03-24 21:40:16,386 - utils - INFO: Работа функции завершилась штатно.
2025-03-24 21:41:08,944 - utils - INFO: Функция сработала штатно, приветствие: Доброе утро
2025-03-24 21:41:08,944 - utils - INFO: Функция сработала штатно, приветствие: Добрый день
2025-03-24 21:41:08,944 - utils - INFO: Функция сработала штатно, приветствие: Добрый вечер
2025-03-24 21:41:08,944 - utils - INFO: Функция сработала штатно, приветствие: Доброй ночи
2025-03-24 21:41:08,948 - utils - INFO: Работа функции завершилась штатно.
2025-03-24 21:41:08,951 - utils - ERROR: По указанным параметрам нет возвращаемых данных
2025-03-24 21:41:08,954 - utils - INFO: Работа функции завершилась штатно.
2025-03-24 21:41:08,956 - utils - ERROR: По указанным параметрам нет возвращаемых данных
2025-03-24 21:41:10,979 - utils - INFO: Функция сработала штатно, приветствие: Добрый вечер
2025-03-24 21:41:11,053 - utils - INFO: Работа функции завершилась штатно.
2025-03-24 21:41:11,125 - utils - INFO: Работа функции завершилась штатно.
2025-03-24 21:42:20,514 - utils - INFO: Функция сработала штатно, приветствие: Доброе утро
2025-03-24 21:42:20,514 - utils - INFO: Функция сработала штатно, приветствие: Добрый день
2025-03-24 21:42:20,514 - utils - INFO: Функция сработала штатно, приветствие: Добрый вечер
2025-03-24 21:42:20,514 - utils - INFO: Функция сработала штатно, приветствие: Доброй ночи
2025-03-24 21:42:20,518 - utils - INFO: Работа функции завершилась штатно.
2025-03-24 21:42:20,520 - utils - ERROR: По указанным параметрам нет возвращаемых данных
2025-03-24 21:42:20,522 - utils - INFO: Работа функции завершилась штатно.
2025-03-24 21:42:20,525 - utils - ERROR: По указанным параметрам нет возвращаемых данных
2025-03-24 21:42:22,513 - utils - INFO: Функция сработала штатно, приветствие: Добрый вечер
2025-03-24 21:42:22,586 - utils - INFO: Работа функции завершилась штатно.
2025-03-24 21:42:22,657 - utils - INFO: Работа функции завершилась штатно.
2025-03-24 22:16:41,886 - utils - INFO: Функция сработала штатно, приветствие: Добрый вечер
2025-03-24 22:16:41,926 - utils - INFO: Работа функции завершилась штатно.
2025-03-24 22:16:41,964 - utils - INFO: Работа функции завершилась штатно.
2025-03-24 22:23:15,485 - utils - INFO: Функция сработала штатно, приветствие: Доброе утро
2025-03-24 22:23:15,485 - utils - INFO: Функция сработала штатно, приветствие: Добрый день
2025-03-24 22:23:15,485 - utils - INFO: Функция сработала штатно, приветствие: Добрый вечер
2025-03-24 22:23:15,485 - utils - INFO: Функция сработала штатно, приветствие: Доброй ночи
2025-03-24 22:23:15,488 - utils - INFO: Работа функции завершилась штатно.
2025-03-24 22:23:15,490 - utils - ERROR: По указанным параметрам нет возвращаемых данных
2025-03-24 22:23:15,493 - utils - INFO: Работа функции завершилась штатно.
2025-03-24 22:23:15,494 - utils - ERROR: По указанным параметрам нет возвращаемых данных
2025-03-24 22:23:17,493 - utils - INFO: Функция сработала штатно, приветствие: Добрый вечер
2025-03-24 22:23:17,565 - utils - INFO: Работа функции завершилась штатно.
2025-03-24 22:23:17,635 - utils - INFO: Работа функции завершилась штатно.
